<?xml version="1.0" encoding="UTF-8"?>
<!-- Generated by org.testng.reporters.JUnitXMLReporter -->
<testsuite hostname="LAPTOP-4603CCJA" ignored="0" name="Default test" tests="3" failures="0" timestamp="24 Jul 2019 15:20:25 GMT" time="59.774" errors="0">
  <testcase name="TC2_loginError" time="20.701" classname="Salesforce.sdfc.phase1"/>
  <testcase name="TC1_login" time="14.968" classname="Salesforce.sdfc.phase1"/>
  <testcase name="TC3_CheckRememberme" time="23.24" classname="Salesforce.sdfc.phase1"/>
</testsuite> <!-- Default test -->
