<?xml version="1.0" encoding="UTF-8"?>
<!-- Generated by org.testng.reporters.JUnitXMLReporter -->
<testsuite hostname="LAPTOP-4603CCJA" ignored="0" name="Default test" tests="5" failures="0" timestamp="18 Jul 2019 18:38:02 GMT" time="98.768" errors="0">
  <testcase name="TC1_login" time="16.371" classname="Salesforce.sdfc.AutomationTest"/>
  <testcase name="TC2_loginError" time="19.998" classname="Salesforce.sdfc.AutomationTest"/>
  <testcase name="TC3_CheckRememberme" time="29.743" classname="Salesforce.sdfc.AutomationTest"/>
  <testcase name="launchUrl" time="9.598" classname="Salesforce.sdfc.AutomationTest"/>
  <testcase name="login" time="22.144" classname="Salesforce.sdfc.AutomationTest"/>
</testsuite> <!-- Default test -->
