<?xml version="1.0" encoding="UTF-8"?>
<!-- Generated by org.testng.reporters.JUnitXMLReporter -->
<testsuite hostname="LAPTOP-4603CCJA" ignored="0" name="testngTest" tests="5" failures="0" timestamp="18 Jul 2019 18:29:33 GMT" time="109.332" errors="0">
  <testcase name="TC1_login" time="24.92" classname="Salesforce.sdfc.AutomationTest"/>
  <testcase name="TC2_loginError" time="21.249" classname="Salesforce.sdfc.AutomationTest"/>
  <testcase name="TC3_CheckRememberme" time="24.845" classname="Salesforce.sdfc.AutomationTest"/>
  <testcase name="launchUrl" time="10.236" classname="Salesforce.sdfc.AutomationTest"/>
  <testcase name="login" time="27.11" classname="Salesforce.sdfc.AutomationTest"/>
</testsuite> <!-- testngTest -->
