<?xml version="1.0" encoding="UTF-8"?>
<testng-results skipped="0" failed="0" ignored="0" total="5" passed="5">
  <reporter-output>
  </reporter-output>
  <suite name="sfdcsuite" duration-ms="109332" started-at="2019-07-18T18:27:43Z" finished-at="2019-07-18T18:29:33Z">
    <groups>
    </groups>
    <test name="testngTest" duration-ms="109332" started-at="2019-07-18T18:27:43Z" finished-at="2019-07-18T18:29:33Z">
      <class name="Salesforce.sdfc.AutomationTest">
        <test-method status="PASS" signature="TC1_login()[pri:0, instance:Salesforce.sdfc.AutomationTest@134593bf]" name="TC1_login" duration-ms="24920" started-at="2019-07-18T18:27:43Z" finished-at="2019-07-18T18:28:08Z">
          <reporter-output>
          </reporter-output>
        </test-method> <!-- TC1_login -->
        <test-method status="PASS" signature="TC2_loginError()[pri:0, instance:Salesforce.sdfc.AutomationTest@134593bf]" name="TC2_loginError" duration-ms="21249" started-at="2019-07-18T18:28:08Z" finished-at="2019-07-18T18:28:29Z">
          <reporter-output>
          </reporter-output>
        </test-method> <!-- TC2_loginError -->
        <test-method status="PASS" signature="TC3_CheckRememberme()[pri:0, instance:Salesforce.sdfc.AutomationTest@134593bf]" name="TC3_CheckRememberme" duration-ms="24845" started-at="2019-07-18T18:28:29Z" finished-at="2019-07-18T18:28:54Z">
          <reporter-output>
          </reporter-output>
        </test-method> <!-- TC3_CheckRememberme -->
        <test-method status="PASS" signature="launchUrl()[pri:0, instance:Salesforce.sdfc.AutomationTest@134593bf]" name="launchUrl" duration-ms="10236" started-at="2019-07-18T18:28:54Z" finished-at="2019-07-18T18:29:05Z">
          <reporter-output>
          </reporter-output>
        </test-method> <!-- launchUrl -->
        <test-method status="PASS" signature="login()[pri:0, instance:Salesforce.sdfc.AutomationTest@134593bf]" name="login" duration-ms="27110" started-at="2019-07-18T18:29:05Z" finished-at="2019-07-18T18:29:32Z">
          <reporter-output>
          </reporter-output>
        </test-method> <!-- login -->
        <test-method status="PASS" signature="logger()[pri:0, instance:Salesforce.sdfc.AutomationTest@134593bf]" name="logger" is-config="true" duration-ms="909" started-at="2019-07-18T18:29:32Z" finished-at="2019-07-18T18:29:33Z">
          <reporter-output>
          </reporter-output>
        </test-method> <!-- logger -->
      </class> <!-- Salesforce.sdfc.AutomationTest -->
    </test> <!-- testngTest -->
  </suite> <!-- sfdcsuite -->
</testng-results>
